
> backend@1.0.0 seed
> ts-node prisma/seed.ts

(node:29702) Warning: SECURITY WARNING: The SSL modes 'prefer', 'require', and 'verify-ca' are treated as aliases for 'verify-full'.
In the next major version (pg-connection-string v3.0.0 and pg v9.0.0), these modes will adopt standard libpq semantics, which have weaker security guarantees.

To prepare for this change:
- If you want the current behavior, explicitly use 'sslmode=verify-full'
- If you want libpq compatibility now, use 'uselibpqcompat=true&sslmode=require'

See https://www.postgresql.org/docs/current/libpq-ssl.html for libpq SSL mode definitions.
(Use `node --trace-warnings ...` to show where the warning was created)
ℹ️ User admin@prettytiffin.in already exists. Role ensured as ADMIN.
Clearing old product dependencies...
PrismaClientKnownRequestError: 
Invalid `prisma.adminReview.deleteMany()` invocation in
/home/kevinpoonia/clients /pretty tiffin /backend/prisma/seed.ts:53:28

  50 // Safely clear out existing child records related to products to allow removal
  51 console.log('Clearing old product dependencies...');
  52 await prisma.customizationOption.deleteMany({});
→ 53 await prisma.adminReview.deleteMany(
The table `public.AdminReview` does not exist in the current database.
    at Gr.handleRequestError (/home/kevinpoonia/clients /pretty tiffin /backend/node_modules/@prisma/client/src/runtime/RequestHandler.ts:237:13)
    at Gr.handleAndLogRequestError (/home/kevinpoonia/clients /pretty tiffin /backend/node_modules/@prisma/client/src/runtime/RequestHandler.ts:183:12)
    at Gr.request (/home/kevinpoonia/clients /pretty tiffin /backend/node_modules/@prisma/client/src/runtime/RequestHandler.ts:152:12)
    at processTicksAndRejections (node:internal/process/task_queues:105:5)
    at async a (/home/kevinpoonia/clients /pretty tiffin /backend/node_modules/@prisma/client/src/runtime/getPrismaClient.ts:938:24)
    at async main (/home/kevinpoonia/clients /pretty tiffin /backend/prisma/seed.ts:53:3) {
  code: 'P2021',
  meta: {
    modelName: 'AdminReview',
    driverAdapterError: DriverAdapterError: TableDoesNotExist
        at PrismaPgAdapter.onError (/home/kevinpoonia/clients /pretty tiffin /backend/node_modules/@prisma/adapter-pg/dist/index.js:678:11)
        at PrismaPgAdapter.performIO (/home/kevinpoonia/clients /pretty tiffin /backend/node_modules/@prisma/adapter-pg/dist/index.js:673:12)
        at processTicksAndRejections (node:internal/process/task_queues:105:5)
        at async PrismaPgAdapter.executeRaw (/home/kevinpoonia/clients /pretty tiffin /backend/node_modules/@prisma/adapter-pg/dist/index.js:643:13)
        at async e.interpretNode (/home/kevinpoonia/clients /pretty tiffin /backend/node_modules/@prisma/client-engine-runtime/src/interpreter/query-interpreter.ts:168:18)
        at async e.interpretNode (/home/kevinpoonia/clients /pretty tiffin /backend/node_modules/@prisma/client-engine-runtime/src/interpreter/query-interpreter.ts:272:41)
        at async e.run (/home/kevinpoonia/clients /pretty tiffin /backend/node_modules/@prisma/client-engine-runtime/src/interpreter/query-interpreter.ts:94:23)
        at async execute (/home/kevinpoonia/clients /pretty tiffin /backend/node_modules/@prisma/client/src/runtime/core/engines/client/LocalExecutor.ts:81:12)
        at async jt.request (/home/kevinpoonia/clients /pretty tiffin /backend/node_modules/@prisma/client/src/runtime/core/engines/client/ClientEngine.ts:498:22)
        at async Object.singleLoader (/home/kevinpoonia/clients /pretty tiffin /backend/node_modules/@prisma/client/src/runtime/RequestHandler.ts:112:26) {
      cause: [Object]
    }
  },
  clientVersion: '7.6.0'
}
