
> backend@1.0.0 seed
> ts-node prisma/seed.ts

(node:1311) Warning: SECURITY WARNING: The SSL modes 'prefer', 'require', and 'verify-ca' are treated as aliases for 'verify-full'.
In the next major version (pg-connection-string v3.0.0 and pg v9.0.0), these modes will adopt standard libpq semantics, which have weaker security guarantees.

To prepare for this change:
- If you want the current behavior, explicitly use 'sslmode=verify-full'
- If you want libpq compatibility now, use 'uselibpqcompat=true&sslmode=require'

See https://www.postgresql.org/docs/current/libpq-ssl.html for libpq SSL mode definitions.
(Use `node --trace-warnings ...` to show where the warning was created)
ℹ️ User admin@prettytiffin.in already exists. Role ensured as ADMIN.
Clearing old product dependencies...
✅ All existing products removed.
PrismaClientKnownRequestError: 
Invalid `prisma.product.upsert()` invocation in
/home/kevinpoonia/clients /pretty tiffin /backend/prisma/seed.ts:155:26

  152 
  153 for (const p of products) {
  154   const { customizationOptions, ...productData } = p;
→ 155   await prisma.product.upsert(
The column `hasSteel of relation Product` does not exist in the current database.
    at Gr.handleRequestError (/home/kevinpoonia/clients /pretty tiffin /backend/node_modules/@prisma/client/src/runtime/RequestHandler.ts:237:13)
    at Gr.handleAndLogRequestError (/home/kevinpoonia/clients /pretty tiffin /backend/node_modules/@prisma/client/src/runtime/RequestHandler.ts:183:12)
    at Gr.request (/home/kevinpoonia/clients /pretty tiffin /backend/node_modules/@prisma/client/src/runtime/RequestHandler.ts:152:12)
    at processTicksAndRejections (node:internal/process/task_queues:105:5)
    at async a (/home/kevinpoonia/clients /pretty tiffin /backend/node_modules/@prisma/client/src/runtime/getPrismaClient.ts:938:24)
    at async main (/home/kevinpoonia/clients /pretty tiffin /backend/prisma/seed.ts:155:5) {
  code: 'P2022',
  meta: {
    modelName: 'Product',
    driverAdapterError: DriverAdapterError: ColumnNotFound
        at PgTransaction.onError (/home/kevinpoonia/clients /pretty tiffin /backend/node_modules/@prisma/adapter-pg/dist/index.js:678:11)
        at PgTransaction.performIO (/home/kevinpoonia/clients /pretty tiffin /backend/node_modules/@prisma/adapter-pg/dist/index.js:673:12)
        at processTicksAndRejections (node:internal/process/task_queues:105:5)
        at async PgTransaction.queryRaw (/home/kevinpoonia/clients /pretty tiffin /backend/node_modules/@prisma/adapter-pg/dist/index.js:604:30)
        at async e.interpretNode (/home/kevinpoonia/clients /pretty tiffin /backend/node_modules/@prisma/client-engine-runtime/src/interpreter/query-interpreter.ts:186:26)
        at async e.interpretNode (/home/kevinpoonia/clients /pretty tiffin /backend/node_modules/@prisma/client-engine-runtime/src/interpreter/query-interpreter.ts:213:41)
        at async e.interpretNode (/home/kevinpoonia/clients /pretty tiffin /backend/node_modules/@prisma/client-engine-runtime/src/interpreter/query-interpreter.ts:128:29)
        at async e.interpretNode (/home/kevinpoonia/clients /pretty tiffin /backend/node_modules/@prisma/client-engine-runtime/src/interpreter/query-interpreter.ts:288:18)
        at async e.interpretNode (/home/kevinpoonia/clients /pretty tiffin /backend/node_modules/@prisma/client-engine-runtime/src/interpreter/query-interpreter.ts:128:29)
        at async e.interpretNode (/home/kevinpoonia/clients /pretty tiffin /backend/node_modules/@prisma/client-engine-runtime/src/interpreter/query-interpreter.ts:272:41) {
      cause: [Object]
    }
  },
  clientVersion: '7.6.0'
}
